Analysis & Synthesis report for 3
Fri May 05 11:13:06 2023
Quartus Prime Version 19.1.0 Build 670 09/22/2019 SJ Lite Edition


---------------------
; Table of Contents ;
---------------------
  1. Legal Notice
  2. Analysis & Synthesis Summary
  3. Analysis & Synthesis Settings
  4. Parallel Compilation
  5. Analysis & Synthesis Source Files Read
  6. Analysis & Synthesis Resource Usage Summary
  7. Analysis & Synthesis Resource Utilization by Entity
  8. Analysis & Synthesis IP Cores Summary
  9. General Register Statistics
 10. Parameter Settings for User Entity Instance: adder:inst2|mux21:mux|lpm_mux:LPM_MUX_component
 11. Parameter Settings for User Entity Instance: adder:inst1|mux21:mux|lpm_mux:LPM_MUX_component
 12. Parameter Settings for User Entity Instance: adder:inst|mux21:mux|lpm_mux:LPM_MUX_component
 13. Post-Synthesis Netlist Statistics for Top Partition
 14. Elapsed Time Per Partition
 15. Analysis & Synthesis Messages



----------------
; Legal Notice ;
----------------
Copyright (C) 2019  Intel Corporation. All rights reserved.
Your use of Intel Corporation's design tools, logic functions 
and other software and tools, and any partner logic 
functions, and any output files from any of the foregoing 
(including device programming or simulation files), and any 
associated documentation or information are expressly subject 
to the terms and conditions of the Intel Program License 
Subscription Agreement, the Intel Quartus Prime License Agreement,
the Intel FPGA IP License Agreement, or other applicable license
agreement, including, without limitation, that your use is for
the sole purpose of programming logic devices manufactured by
Intel and sold by Intel or its authorized distributors.  Please
refer to the applicable agreement for further details, at
https://fpgasoftware.intel.com/eula.



+----------------------------------------------------------------------------------+
; Analysis & Synthesis Summary                                                     ;
+------------------------------------+---------------------------------------------+
; Analysis & Synthesis Status        ; Successful - Fri May 05 11:13:06 2023       ;
; Quartus Prime Version              ; 19.1.0 Build 670 09/22/2019 SJ Lite Edition ;
; Revision Name                      ; 3                                           ;
; Top-level Entity Name              ; part_c                                      ;
; Family                             ; MAX 10                                      ;
; Total logic elements               ; 15                                          ;
;     Total combinational functions  ; 15                                          ;
;     Dedicated logic registers      ; 0                                           ;
; Total registers                    ; 0                                           ;
; Total pins                         ; 31                                          ;
; Total virtual pins                 ; 0                                           ;
; Total memory bits                  ; 0                                           ;
; Embedded Multiplier 9-bit elements ; 0                                           ;
; Total PLLs                         ; 0                                           ;
; UFM blocks                         ; 0                                           ;
; ADC blocks                         ; 0                                           ;
+------------------------------------+---------------------------------------------+


+------------------------------------------------------------------------------------------------------------+
; Analysis & Synthesis Settings                                                                              ;
+------------------------------------------------------------------+--------------------+--------------------+
; Option                                                           ; Setting            ; Default Value      ;
+------------------------------------------------------------------+--------------------+--------------------+
; Device                                                           ; 10M50DAF484C7G     ;                    ;
; Top-level entity name                                            ; part_c             ; 3                  ;
; Family name                                                      ; MAX 10             ; Cyclone V          ;
; Use smart compilation                                            ; Off                ; Off                ;
; Enable parallel Assembler and Timing Analyzer during compilation ; On                 ; On                 ;
; Enable compact report table                                      ; Off                ; Off                ;
; Restructure Multiplexers                                         ; Auto               ; Auto               ;
; Create Debugging Nodes for IP Cores                              ; Off                ; Off                ;
; Preserve fewer node names                                        ; On                 ; On                 ;
; Intel FPGA IP Evaluation Mode                                    ; Enable             ; Enable             ;
; Verilog Version                                                  ; Verilog_2001       ; Verilog_2001       ;
; VHDL Version                                                     ; VHDL_1993          ; VHDL_1993          ;
; State Machine Processing                                         ; Auto               ; Auto               ;
; Safe State Machine                                               ; Off                ; Off                ;
; Extract Verilog State Machines                                   ; On                 ; On                 ;
; Extract VHDL State Machines                                      ; On                 ; On                 ;
; Ignore Verilog initial constructs                                ; Off                ; Off                ;
; Iteration limit for constant Verilog loops                       ; 5000               ; 5000               ;
; Iteration limit for non-constant Verilog loops                   ; 250                ; 250                ;
; Add Pass-Through Logic to Inferred RAMs                          ; On                 ; On                 ;
; Infer RAMs from Raw Logic                                        ; On                 ; On                 ;
; Parallel Synthesis                                               ; On                 ; On                 ;
; DSP Block Balancing                                              ; Auto               ; Auto               ;
; NOT Gate Push-Back                                               ; On                 ; On                 ;
; Power-Up Don't Care                                              ; On                 ; On                 ;
; Remove Redundant Logic Cells                                     ; Off                ; Off                ;
; Remove Duplicate Registers                                       ; On                 ; On                 ;
; Ignore CARRY Buffers                                             ; Off                ; Off                ;
; Ignore CASCADE Buffers                                           ; Off                ; Off                ;
; Ignore GLOBAL Buffers                                            ; Off                ; Off                ;
; Ignore ROW GLOBAL Buffers                                        ; Off                ; Off                ;
; Ignore LCELL Buffers                                             ; Off                ; Off                ;
; Ignore SOFT Buffers                                              ; On                 ; On                 ;
; Limit AHDL Integers to 32 Bits                                   ; Off                ; Off                ;
; Optimization Technique                                           ; Balanced           ; Balanced           ;
; Carry Chain Length                                               ; 70                 ; 70                 ;
; Auto Carry Chains                                                ; On                 ; On                 ;
; Auto Open-Drain Pins                                             ; On                 ; On                 ;
; Perform WYSIWYG Primitive Resynthesis                            ; Off                ; Off                ;
; Auto ROM Replacement                                             ; On                 ; On                 ;
; Auto RAM Replacement                                             ; On                 ; On                 ;
; Auto DSP Block Replacement                                       ; On                 ; On                 ;
; Auto Shift Register Replacement                                  ; Auto               ; Auto               ;
; Allow Shift Register Merging across Hierarchies                  ; Auto               ; Auto               ;
; Auto Clock Enable Replacement                                    ; On                 ; On                 ;
; Strict RAM Replacement                                           ; Off                ; Off                ;
; Allow Synchronous Control Signals                                ; On                 ; On                 ;
; Force Use of Synchronous Clear Signals                           ; Off                ; Off                ;
; Auto RAM Block Balancing                                         ; On                 ; On                 ;
; Auto RAM to Logic Cell Conversion                                ; Off                ; Off                ;
; Auto Resource Sharing                                            ; Off                ; Off                ;
; Allow Any RAM Size For Recognition                               ; Off                ; Off                ;
; Allow Any ROM Size For Recognition                               ; Off                ; Off                ;
; Allow Any Shift Register Size For Recognition                    ; Off                ; Off                ;
; Use LogicLock Constraints during Resource Balancing              ; On                 ; On                 ;
; Ignore translate_off and synthesis_off directives                ; Off                ; Off                ;
; Timing-Driven Synthesis                                          ; On                 ; On                 ;
; Report Parameter Settings                                        ; On                 ; On                 ;
; Report Source Assignments                                        ; On                 ; On                 ;
; Report Connectivity Checks                                       ; On                 ; On                 ;
; Ignore Maximum Fan-Out Assignments                               ; Off                ; Off                ;
; Synchronization Register Chain Length                            ; 2                  ; 2                  ;
; Power Optimization During Synthesis                              ; Normal compilation ; Normal compilation ;
; HDL message level                                                ; Level2             ; Level2             ;
; Suppress Register Optimization Related Messages                  ; Off                ; Off                ;
; Number of Removed Registers Reported in Synthesis Report         ; 5000               ; 5000               ;
; Number of Swept Nodes Reported in Synthesis Report               ; 5000               ; 5000               ;
; Number of Inverted Registers Reported in Synthesis Report        ; 100                ; 100                ;
; Clock MUX Protection                                             ; On                 ; On                 ;
; Auto Gated Clock Conversion                                      ; Off                ; Off                ;
; Block Design Naming                                              ; Auto               ; Auto               ;
; SDC constraint protection                                        ; Off                ; Off                ;
; Synthesis Effort                                                 ; Auto               ; Auto               ;
; Shift Register Replacement - Allow Asynchronous Clear Signal     ; On                 ; On                 ;
; Pre-Mapping Resynthesis Optimization                             ; Off                ; Off                ;
; Analysis & Synthesis Message Level                               ; Medium             ; Medium             ;
; Disable Register Merging Across Hierarchies                      ; Auto               ; Auto               ;
; Resource Aware Inference For Block RAM                           ; On                 ; On                 ;
+------------------------------------------------------------------+--------------------+--------------------+


+------------------------------------------+
; Parallel Compilation                     ;
+----------------------------+-------------+
; Processors                 ; Number      ;
+----------------------------+-------------+
; Number detected on machine ; 16          ;
; Maximum allowed            ; 8           ;
;                            ;             ;
; Average used               ; 1.00        ;
; Maximum used               ; 1           ;
;                            ;             ;
; Usage by Processor         ; % Time Used ;
;     Processor 1            ; 100.0%      ;
+----------------------------+-------------+


+---------------------------------------------------------------------------------------------------------------------------------------------------------------------------------+
; Analysis & Synthesis Source Files Read                                                                                                                                          ;
+----------------------------------+-----------------+------------------------------------------+-----------------------------------------------------------------------+---------+
; File Name with User-Entered Path ; Used in Netlist ; File Type                                ; File Name with Absolute Path                                          ; Library ;
+----------------------------------+-----------------+------------------------------------------+-----------------------------------------------------------------------+---------+
; compare.bdf                      ; yes             ; User Block Diagram/Schematic File        ; C:/Users/liuser/Documents/eec18/3/compare.bdf                         ;         ;
; a.bdf                            ; yes             ; User Block Diagram/Schematic File        ; C:/Users/liuser/Documents/eec18/3/a.bdf                               ;         ;
; b.bdf                            ; yes             ; User Block Diagram/Schematic File        ; C:/Users/liuser/Documents/eec18/3/b.bdf                               ;         ;
; mux21.v                          ; yes             ; User Wizard-Generated File               ; C:/Users/liuser/Documents/eec18/3/mux21.v                             ;         ;
; part_c.bdf                       ; yes             ; Auto-Found Block Diagram/Schematic File  ; C:/Users/liuser/Documents/eec18/3/part_c.bdf                          ;         ;
; 7447.bdf                         ; yes             ; Megafunction                             ; c:/intelfpga_lite/19.1/quartus/libraries/others/maxplus2/7447.bdf     ;         ;
; 74157.bdf                        ; yes             ; Megafunction                             ; c:/intelfpga_lite/19.1/quartus/libraries/others/maxplus2/74157.bdf    ;         ;
; adder.bdf                        ; yes             ; Auto-Found Block Diagram/Schematic File  ; C:/Users/liuser/Documents/eec18/3/adder.bdf                           ;         ;
; lpm_mux.tdf                      ; yes             ; Megafunction                             ; c:/intelfpga_lite/19.1/quartus/libraries/megafunctions/lpm_mux.tdf    ;         ;
; aglobal191.inc                   ; yes             ; Megafunction                             ; c:/intelfpga_lite/19.1/quartus/libraries/megafunctions/aglobal191.inc ;         ;
; muxlut.inc                       ; yes             ; Megafunction                             ; c:/intelfpga_lite/19.1/quartus/libraries/megafunctions/muxlut.inc     ;         ;
; bypassff.inc                     ; yes             ; Megafunction                             ; c:/intelfpga_lite/19.1/quartus/libraries/megafunctions/bypassff.inc   ;         ;
; altshift.inc                     ; yes             ; Megafunction                             ; c:/intelfpga_lite/19.1/quartus/libraries/megafunctions/altshift.inc   ;         ;
; db/mux_t5c.tdf                   ; yes             ; Auto-Generated Megafunction              ; C:/Users/liuser/Documents/eec18/3/db/mux_t5c.tdf                      ;         ;
+----------------------------------+-----------------+------------------------------------------+-----------------------------------------------------------------------+---------+


+------------------------------------------------------------------+
; Analysis & Synthesis Resource Usage Summary                      ;
+---------------------------------------------+--------------------+
; Resource                                    ; Usage              ;
+---------------------------------------------+--------------------+
; Estimated Total logic elements              ; 15                 ;
;                                             ;                    ;
; Total combinational functions               ; 15                 ;
; Logic element usage by number of LUT inputs ;                    ;
;     -- 4 input functions                    ; 10                 ;
;     -- 3 input functions                    ; 4                  ;
;     -- <=2 input functions                  ; 1                  ;
;                                             ;                    ;
; Logic elements by mode                      ;                    ;
;     -- normal mode                          ; 15                 ;
;     -- arithmetic mode                      ; 0                  ;
;                                             ;                    ;
; Total registers                             ; 0                  ;
;     -- Dedicated logic registers            ; 0                  ;
;     -- I/O registers                        ; 0                  ;
;                                             ;                    ;
; I/O pins                                    ; 31                 ;
;                                             ;                    ;
; Embedded Multiplier 9-bit elements          ; 0                  ;
;                                             ;                    ;
; Maximum fan-out node                        ; adder:inst1|ci_xor ;
; Maximum fan-out                             ; 9                  ;
; Total fan-out                               ; 100                ;
; Average fan-out                             ; 1.30               ;
+---------------------------------------------+--------------------+


+---------------------------------------------------------------------------------------------------------------------------------------------------------------------------------------------------------------------------------------------------------------------------------------------------------+
; Analysis & Synthesis Resource Utilization by Entity                                                                                                                                                                                                                                                     ;
+--------------------------------------+---------------------+---------------------------+-------------+------------+--------------+---------+-----------+------+--------------+------------+--------------------------------------------------------------------------------+-------------+--------------+
; Compilation Hierarchy Node           ; Combinational ALUTs ; Dedicated Logic Registers ; Memory Bits ; UFM Blocks ; DSP Elements ; DSP 9x9 ; DSP 18x18 ; Pins ; Virtual Pins ; ADC blocks ; Full Hierarchy Name                                                            ; Entity Name ; Library Name ;
+--------------------------------------+---------------------+---------------------------+-------------+------------+--------------+---------+-----------+------+--------------+------------+--------------------------------------------------------------------------------+-------------+--------------+
; |part_c                              ; 15 (0)              ; 0 (0)                     ; 0           ; 0          ; 0            ; 0       ; 0         ; 31   ; 0            ; 0          ; |part_c                                                                        ; part_c      ; work         ;
;    |7447:7seg|                       ; 7 (7)               ; 0 (0)                     ; 0           ; 0          ; 0            ; 0       ; 0         ; 0    ; 0            ; 0          ; |part_c|7447:7seg                                                              ; 7447        ; work         ;
;    |adder:inst1|                     ; 2 (1)               ; 0 (0)                     ; 0           ; 0          ; 0            ; 0       ; 0         ; 0    ; 0            ; 0          ; |part_c|adder:inst1                                                            ; adder       ; work         ;
;       |mux21:mux|                    ; 1 (0)               ; 0 (0)                     ; 0           ; 0          ; 0            ; 0       ; 0         ; 0    ; 0            ; 0          ; |part_c|adder:inst1|mux21:mux                                                  ; mux21       ; work         ;
;          |lpm_mux:LPM_MUX_component| ; 1 (0)               ; 0 (0)                     ; 0           ; 0          ; 0            ; 0       ; 0         ; 0    ; 0            ; 0          ; |part_c|adder:inst1|mux21:mux|lpm_mux:LPM_MUX_component                        ; lpm_mux     ; work         ;
;             |mux_t5c:auto_generated| ; 1 (1)               ; 0 (0)                     ; 0           ; 0          ; 0            ; 0       ; 0         ; 0    ; 0            ; 0          ; |part_c|adder:inst1|mux21:mux|lpm_mux:LPM_MUX_component|mux_t5c:auto_generated ; mux_t5c     ; work         ;
;    |adder:inst2|                     ; 2 (1)               ; 0 (0)                     ; 0           ; 0          ; 0            ; 0       ; 0         ; 0    ; 0            ; 0          ; |part_c|adder:inst2                                                            ; adder       ; work         ;
;       |mux21:mux|                    ; 1 (0)               ; 0 (0)                     ; 0           ; 0          ; 0            ; 0       ; 0         ; 0    ; 0            ; 0          ; |part_c|adder:inst2|mux21:mux                                                  ; mux21       ; work         ;
;          |lpm_mux:LPM_MUX_component| ; 1 (0)               ; 0 (0)                     ; 0           ; 0          ; 0            ; 0       ; 0         ; 0    ; 0            ; 0          ; |part_c|adder:inst2|mux21:mux|lpm_mux:LPM_MUX_component                        ; lpm_mux     ; work         ;
;             |mux_t5c:auto_generated| ; 1 (1)               ; 0 (0)                     ; 0           ; 0          ; 0            ; 0       ; 0         ; 0    ; 0            ; 0          ; |part_c|adder:inst2|mux21:mux|lpm_mux:LPM_MUX_component|mux_t5c:auto_generated ; mux_t5c     ; work         ;
;    |adder:inst|                      ; 3 (1)               ; 0 (0)                     ; 0           ; 0          ; 0            ; 0       ; 0         ; 0    ; 0            ; 0          ; |part_c|adder:inst                                                             ; adder       ; work         ;
;       |mux21:mux|                    ; 2 (0)               ; 0 (0)                     ; 0           ; 0          ; 0            ; 0       ; 0         ; 0    ; 0            ; 0          ; |part_c|adder:inst|mux21:mux                                                   ; mux21       ; work         ;
;          |lpm_mux:LPM_MUX_component| ; 2 (0)               ; 0 (0)                     ; 0           ; 0          ; 0            ; 0       ; 0         ; 0    ; 0            ; 0          ; |part_c|adder:inst|mux21:mux|lpm_mux:LPM_MUX_component                         ; lpm_mux     ; work         ;
;             |mux_t5c:auto_generated| ; 2 (2)               ; 0 (0)                     ; 0           ; 0          ; 0            ; 0       ; 0         ; 0    ; 0            ; 0          ; |part_c|adder:inst|mux21:mux|lpm_mux:LPM_MUX_component|mux_t5c:auto_generated  ; mux_t5c     ; work         ;
;    |compare:cmp|                     ; 1 (1)               ; 0 (0)                     ; 0           ; 0          ; 0            ; 0       ; 0         ; 0    ; 0            ; 0          ; |part_c|compare:cmp                                                            ; compare     ; work         ;
+--------------------------------------+---------------------+---------------------------+-------------+------------+--------------+---------+-----------+------+--------------+------------+--------------------------------------------------------------------------------+-------------+--------------+
Note: For table entries with two numbers listed, the numbers in parentheses indicate the number of resources of the given type used by the specific entity alone. The numbers listed outside of parentheses indicate the total resources of the given type used by the specific entity and all of its sub-entities in the hierarchy.


+-----------------------------------------------------------------------------------------------------------------+
; Analysis & Synthesis IP Cores Summary                                                                           ;
+--------+--------------+---------+--------------+--------------+-------------------------------+-----------------+
; Vendor ; IP Core Name ; Version ; Release Date ; License Type ; Entity Instance               ; IP Include File ;
+--------+--------------+---------+--------------+--------------+-------------------------------+-----------------+
; Altera ; LPM_MUX      ; 19.1    ; N/A          ; N/A          ; |part_c|adder:inst|mux21:mux  ; mux21.v         ;
; Altera ; LPM_MUX      ; 19.1    ; N/A          ; N/A          ; |part_c|adder:inst1|mux21:mux ; mux21.v         ;
; Altera ; LPM_MUX      ; 19.1    ; N/A          ; N/A          ; |part_c|adder:inst2|mux21:mux ; mux21.v         ;
+--------+--------------+---------+--------------+--------------+-------------------------------+-----------------+


+------------------------------------------------------+
; General Register Statistics                          ;
+----------------------------------------------+-------+
; Statistic                                    ; Value ;
+----------------------------------------------+-------+
; Total registers                              ; 0     ;
; Number of registers using Synchronous Clear  ; 0     ;
; Number of registers using Synchronous Load   ; 0     ;
; Number of registers using Asynchronous Clear ; 0     ;
; Number of registers using Asynchronous Load  ; 0     ;
; Number of registers using Clock Enable       ; 0     ;
; Number of registers using Preset             ; 0     ;
+----------------------------------------------+-------+


+----------------------------------------------------------------------------------------------+
; Parameter Settings for User Entity Instance: adder:inst2|mux21:mux|lpm_mux:LPM_MUX_component ;
+------------------------+---------+-----------------------------------------------------------+
; Parameter Name         ; Value   ; Type                                                      ;
+------------------------+---------+-----------------------------------------------------------+
; AUTO_CARRY_CHAINS      ; ON      ; AUTO_CARRY                                                ;
; IGNORE_CARRY_BUFFERS   ; OFF     ; IGNORE_CARRY                                              ;
; AUTO_CASCADE_CHAINS    ; ON      ; AUTO_CASCADE                                              ;
; IGNORE_CASCADE_BUFFERS ; OFF     ; IGNORE_CASCADE                                            ;
; LPM_WIDTH              ; 1       ; Signed Integer                                            ;
; LPM_SIZE               ; 2       ; Signed Integer                                            ;
; LPM_WIDTHS             ; 1       ; Signed Integer                                            ;
; LPM_PIPELINE           ; 0       ; Untyped                                                   ;
; CBXI_PARAMETER         ; mux_t5c ; Untyped                                                   ;
; DEVICE_FAMILY          ; MAX 10  ; Untyped                                                   ;
+------------------------+---------+-----------------------------------------------------------+
Note: In order to hide this table in the UI and the text report file, please set the "Show Parameter Settings in Synthesis Report" option in "Analysis and Synthesis Settings -> More Settings" to "Off".


+----------------------------------------------------------------------------------------------+
; Parameter Settings for User Entity Instance: adder:inst1|mux21:mux|lpm_mux:LPM_MUX_component ;
+------------------------+---------+-----------------------------------------------------------+
; Parameter Name         ; Value   ; Type                                                      ;
+------------------------+---------+-----------------------------------------------------------+
; AUTO_CARRY_CHAINS      ; ON      ; AUTO_CARRY                                                ;
; IGNORE_CARRY_BUFFERS   ; OFF     ; IGNORE_CARRY                                              ;
; AUTO_CASCADE_CHAINS    ; ON      ; AUTO_CASCADE                                              ;
; IGNORE_CASCADE_BUFFERS ; OFF     ; IGNORE_CASCADE                                            ;
; LPM_WIDTH              ; 1       ; Signed Integer                                            ;
; LPM_SIZE               ; 2       ; Signed Integer                                            ;
; LPM_WIDTHS             ; 1       ; Signed Integer                                            ;
; LPM_PIPELINE           ; 0       ; Untyped                                                   ;
; CBXI_PARAMETER         ; mux_t5c ; Untyped                                                   ;
; DEVICE_FAMILY          ; MAX 10  ; Untyped                                                   ;
+------------------------+---------+-----------------------------------------------------------+
Note: In order to hide this table in the UI and the text report file, please set the "Show Parameter Settings in Synthesis Report" option in "Analysis and Synthesis Settings -> More Settings" to "Off".


+---------------------------------------------------------------------------------------------+
; Parameter Settings for User Entity Instance: adder:inst|mux21:mux|lpm_mux:LPM_MUX_component ;
+------------------------+---------+----------------------------------------------------------+
; Parameter Name         ; Value   ; Type                                                     ;
+------------------------+---------+----------------------------------------------------------+
; AUTO_CARRY_CHAINS      ; ON      ; AUTO_CARRY                                               ;
; IGNORE_CARRY_BUFFERS   ; OFF     ; IGNORE_CARRY                                             ;
; AUTO_CASCADE_CHAINS    ; ON      ; AUTO_CASCADE                                             ;
; IGNORE_CASCADE_BUFFERS ; OFF     ; IGNORE_CASCADE                                           ;
; LPM_WIDTH              ; 1       ; Signed Integer                                           ;
; LPM_SIZE               ; 2       ; Signed Integer                                           ;
; LPM_WIDTHS             ; 1       ; Signed Integer                                           ;
; LPM_PIPELINE           ; 0       ; Untyped                                                  ;
; CBXI_PARAMETER         ; mux_t5c ; Untyped                                                  ;
; DEVICE_FAMILY          ; MAX 10  ; Untyped                                                  ;
+------------------------+---------+----------------------------------------------------------+
Note: In order to hide this table in the UI and the text report file, please set the "Show Parameter Settings in Synthesis Report" option in "Analysis and Synthesis Settings -> More Settings" to "Off".


+-----------------------------------------------------+
; Post-Synthesis Netlist Statistics for Top Partition ;
+-----------------------+-----------------------------+
; Type                  ; Count                       ;
+-----------------------+-----------------------------+
; boundary_port         ; 31                          ;
; cycloneiii_lcell_comb ; 18                          ;
;     normal            ; 18                          ;
;         0 data inputs ; 2                           ;
;         1 data inputs ; 1                           ;
;         2 data inputs ; 1                           ;
;         3 data inputs ; 4                           ;
;         4 data inputs ; 10                          ;
;                       ;                             ;
; Max LUT depth         ; 5.00                        ;
; Average LUT depth     ; 3.92                        ;
+-----------------------+-----------------------------+


+-------------------------------+
; Elapsed Time Per Partition    ;
+----------------+--------------+
; Partition Name ; Elapsed Time ;
+----------------+--------------+
; Top            ; 00:00:00     ;
+----------------+--------------+


+-------------------------------+
; Analysis & Synthesis Messages ;
+-------------------------------+
Info: *******************************************************************
Info: Running Quartus Prime Analysis & Synthesis
    Info: Version 19.1.0 Build 670 09/22/2019 SJ Lite Edition
    Info: Processing started: Fri May 05 11:12:55 2023
Info: Command: quartus_map --read_settings_files=on --write_settings_files=off 3 -c 3
Warning (18236): Number of processors has not been specified which may cause overloading on shared machines.  Set the global assignment NUM_PARALLEL_PROCESSORS in your QSF to an appropriate value for best performance.
Info (20030): Parallel compilation is enabled and will use 8 of the 8 processors detected
Info (12021): Found 1 design units, including 1 entities, in source file compare.bdf
    Info (12023): Found entity 1: compare
Info (12021): Found 1 design units, including 1 entities, in source file a.bdf
    Info (12023): Found entity 1: a
Info (12021): Found 1 design units, including 1 entities, in source file b.bdf
    Info (12023): Found entity 1: b
Info (12021): Found 1 design units, including 1 entities, in source file mux21.v
    Info (12023): Found entity 1: mux21 File: C:/Users/liuser/Documents/eec18/3/mux21.v Line: 40
Warning (12019): Can't analyze file -- file output_files/adder.bdf is missing
Info (12021): Found 1 design units, including 1 entities, in source file part_b.bdf
    Info (12023): Found entity 1: part_b
Warning (12125): Using design file part_c.bdf, which is not specified as a design file for the current project, but contains definitions for 1 design units and 1 entities in project
    Info (12023): Found entity 1: part_c
Info (12127): Elaborating entity "part_c" for the top level hierarchy
Info (12128): Elaborating entity "7447" for hierarchy "7447:7seg"
Info (12130): Elaborated megafunction instantiation "7447:7seg"
Info (12128): Elaborating entity "74157" for hierarchy "74157:mux"
Info (12130): Elaborated megafunction instantiation "74157:mux"
Warning (12125): Using design file adder.bdf, which is not specified as a design file for the current project, but contains definitions for 1 design units and 1 entities in project
    Info (12023): Found entity 1: adder
Info (12128): Elaborating entity "adder" for hierarchy "adder:inst2"
Info (12128): Elaborating entity "mux21" for hierarchy "adder:inst2|mux21:mux"
Info (12128): Elaborating entity "lpm_mux" for hierarchy "adder:inst2|mux21:mux|lpm_mux:LPM_MUX_component" File: C:/Users/liuser/Documents/eec18/3/mux21.v Line: 70
Info (12130): Elaborated megafunction instantiation "adder:inst2|mux21:mux|lpm_mux:LPM_MUX_component" File: C:/Users/liuser/Documents/eec18/3/mux21.v Line: 70
Info (12133): Instantiated megafunction "adder:inst2|mux21:mux|lpm_mux:LPM_MUX_component" with the following parameter: File: C:/Users/liuser/Documents/eec18/3/mux21.v Line: 70
    Info (12134): Parameter "lpm_size" = "2"
    Info (12134): Parameter "lpm_type" = "LPM_MUX"
    Info (12134): Parameter "lpm_width" = "1"
    Info (12134): Parameter "lpm_widths" = "1"
Info (12021): Found 1 design units, including 1 entities, in source file db/mux_t5c.tdf
    Info (12023): Found entity 1: mux_t5c File: C:/Users/liuser/Documents/eec18/3/db/mux_t5c.tdf Line: 23
Info (12128): Elaborating entity "mux_t5c" for hierarchy "adder:inst2|mux21:mux|lpm_mux:LPM_MUX_component|mux_t5c:auto_generated" File: c:/intelfpga_lite/19.1/quartus/libraries/megafunctions/lpm_mux.tdf Line: 87
Info (12128): Elaborating entity "compare" for hierarchy "compare:cmp"
Warning (275009): Pin "D" not connected
Info (12128): Elaborating entity "a" for hierarchy "a:a"
Info (12128): Elaborating entity "b" for hierarchy "b:b"
Warning (13024): Output pins are stuck at VCC or GND
    Warning (13410): Pin "HEX1[6]" is stuck at VCC
    Warning (13410): Pin "HEX1[2]" is stuck at GND
    Warning (13410): Pin "HEX1[1]" is stuck at GND
    Warning (13410): Pin "LEDR[9]" is stuck at GND
    Warning (13410): Pin "LEDR[8]" is stuck at GND
    Warning (13410): Pin "LEDR[7]" is stuck at GND
    Warning (13410): Pin "LEDR[6]" is stuck at GND
    Warning (13410): Pin "LEDR[5]" is stuck at GND
    Warning (13410): Pin "LEDR[4]" is stuck at GND
Info (286030): Timing-Driven Synthesis is running
Info (16010): Generating hard_block partition "hard_block:auto_generated_inst"
    Info (16011): Adding 0 node(s), including 0 DDIO, 0 PLL, 0 transceiver and 0 LCELL
Info (21057): Implemented 46 device resources after synthesis - the final resource count might be different
    Info (21058): Implemented 7 input pins
    Info (21059): Implemented 24 output pins
    Info (21061): Implemented 15 logic cells
Info: Quartus Prime Analysis & Synthesis was successful. 0 errors, 15 warnings
    Info: Peak virtual memory: 4773 megabytes
    Info: Processing ended: Fri May 05 11:13:06 2023
    Info: Elapsed time: 00:00:11
    Info: Total CPU time (on all processors): 00:00:27


